<?xml version="1.0" encoding="UTF-8"?>
<!-- Generated by org.testng.reporters.JUnitXMLReporter -->
<testsuite ignored="0" hostname="Nexus-Lite" failures="0" tests="4" name="Login feature Test" time="80.454" errors="0" timestamp="2024-07-28T18:26:29 IST">
  <testcase classname="TestClass.T01_SyncLoginTest" name="signInWithCorrectCredentialsTest" time="12.96"/>
  <testcase classname="TestClass.T01_SyncLoginTest" name="signoutFromSyncTest" time="18.05"/>
  <testcase classname="TestClass.T02_SyncCreateFileTest" name="validateCreateFileFunctionality" time="23.109"/>
  <testcase classname="TestClass.T02_SyncCreateFileTest" name="validateDeleteFileFunctionality" time="20.784"/>
</testsuite> <!-- Login feature Test -->
