<?xml version="1.0" encoding="UTF-8"?>
<!-- Generated by org.testng.reporters.JUnitXMLReporter -->
<testsuite ignored="0" hostname="Nexus-Lite" failures="0" tests="4" name="File Operations Test" time="82.357" errors="0" timestamp="2024-07-28T18:18:33 IST">
  <testcase classname="TestClass.T01_SyncLoginTest" name="signInWithCorrectCredentialsTest" time="13.29"/>
  <testcase classname="TestClass.T01_SyncLoginTest" name="signoutFromSyncTest" time="18.947"/>
  <testcase classname="TestClass.T02_SyncCreateFileTest" name="validateCreateFileFunctionality" time="22.171"/>
  <testcase classname="TestClass.T02_SyncCreateFileTest" name="validateDeleteFileFunctionality" time="21.003"/>
</testsuite> <!-- File Operations Test -->
