<?xml version="1.0" encoding="UTF-8"?>
<!-- Generated by org.testng.reporters.JUnitXMLReporter -->
<testsuite ignored="0" hostname="Nexus-Lite" failures="0" tests="4" name="Surefire test" time="76.165" errors="0" timestamp="2024-07-29T04:59:26 IST">
  <testcase classname="TestClass.T01_SyncLoginTest" name="signInWithCorrectCredentialsTest" time="14.292"/>
  <testcase classname="TestClass.T01_SyncLoginTest" name="signoutFromSyncTest" time="16.684"/>
  <testcase classname="TestClass.T02_SyncCreateFileTest" name="validateCreateFileFunctionality" time="19.006"/>
  <testcase classname="TestClass.T02_SyncCreateFileTest" name="validateDeleteFileFunctionality" time="20.467"/>
</testsuite> <!-- Surefire test -->
