<?xml version="1.0" encoding="UTF-8"?>
<!-- Generated by org.testng.reporters.JUnitXMLReporter -->
<testsuite ignored="0" hostname="Nexus-Lite" failures="0" tests="4" name="Surefire test" time="92.302" errors="0" timestamp="2024-07-28T03:18:31 IST">
  <testcase classname="TestClass.T01_SyncLoginTest" name="signInWithCorrectCredentialsTest" time="12.569"/>
  <testcase classname="TestClass.T01_SyncLoginTest" name="signoutFromSyncTest" time="17.612"/>
  <testcase classname="TestClass.T02_SyncCreateFileTest" name="validateCreateFileFunctionality" time="34.389"/>
  <testcase classname="TestClass.T02_SyncCreateFileTest" name="validateDeleteFileFunctionality" time="21.655"/>
</testsuite> <!-- Surefire test -->
