<?xml version="1.0" encoding="UTF-8"?>
<!-- Generated by org.testng.reporters.JUnitXMLReporter -->
<testsuite ignored="0" hostname="Nexus-Lite" failures="0" tests="2" name="Default test" time="59.743" errors="0" timestamp="2024-07-28T03:06:55 IST">
  <testcase classname="TestClass.T02_SyncCreateFileTest" name="validateCreateFileFunctionality" time="34.775"/>
  <testcase classname="TestClass.T02_SyncCreateFileTest" name="validateDeleteFileFunctionality" time="21.529"/>
</testsuite> <!-- Default test -->
