<?xml version="1.0" encoding="UTF-8"?>
<testng-results ignored="0" total="4" passed="4" failed="0" skipped="0">
  <reporter-output>
  </reporter-output>
  <suite started-at="2024-07-28T03:16:58 IST" name="Surefire suite" finished-at="2024-07-28T03:18:30 IST" duration-ms="92302">
    <groups>
    </groups>
    <test started-at="2024-07-28T03:16:58 IST" name="Surefire test" finished-at="2024-07-28T03:18:30 IST" duration-ms="92302">
      <class name="TestClass.T02_SyncCreateFileTest">
        <test-method is-config="true" signature="setUp()[pri:0, instance:TestClass.T02_SyncCreateFileTest@6fe7aac8]" started-at="2024-07-28T03:17:32 IST" name="setUp" finished-at="2024-07-28T03:17:33 IST" duration-ms="1077" status="PASS">
          <reporter-output>
          </reporter-output>
        </test-method> <!-- setUp -->
        <test-method signature="validateCreateFileFunctionality()[pri:0, instance:TestClass.T02_SyncCreateFileTest@6fe7aac8]" started-at="2024-07-28T03:17:33 IST" name="validateCreateFileFunctionality" finished-at="2024-07-28T03:18:07 IST" duration-ms="34389" status="PASS">
          <reporter-output>
          </reporter-output>
        </test-method> <!-- validateCreateFileFunctionality -->
        <test-method is-config="true" signature="tearDown()[pri:0, instance:TestClass.T02_SyncCreateFileTest@6fe7aac8]" started-at="2024-07-28T03:18:07 IST" name="tearDown" finished-at="2024-07-28T03:18:08 IST" duration-ms="188" status="PASS">
          <reporter-output>
          </reporter-output>
        </test-method> <!-- tearDown -->
        <test-method is-config="true" signature="setUp()[pri:0, instance:TestClass.T02_SyncCreateFileTest@6fe7aac8]" started-at="2024-07-28T03:18:08 IST" name="setUp" finished-at="2024-07-28T03:18:09 IST" duration-ms="1098" status="PASS">
          <reporter-output>
          </reporter-output>
        </test-method> <!-- setUp -->
        <test-method signature="validateDeleteFileFunctionality()[pri:1, instance:TestClass.T02_SyncCreateFileTest@6fe7aac8]" started-at="2024-07-28T03:18:09 IST" name="validateDeleteFileFunctionality" finished-at="2024-07-28T03:18:30 IST" duration-ms="21655" status="PASS">
          <reporter-output>
          </reporter-output>
        </test-method> <!-- validateDeleteFileFunctionality -->
        <test-method is-config="true" signature="tearDown()[pri:0, instance:TestClass.T02_SyncCreateFileTest@6fe7aac8]" started-at="2024-07-28T03:18:30 IST" name="tearDown" finished-at="2024-07-28T03:18:30 IST" duration-ms="194" status="PASS">
          <reporter-output>
          </reporter-output>
        </test-method> <!-- tearDown -->
      </class> <!-- TestClass.T02_SyncCreateFileTest -->
      <class name="TestClass.T01_SyncLoginTest">
        <test-method is-config="true" signature="setUp()[pri:0, instance:TestClass.T01_SyncLoginTest@78aab498]" started-at="2024-07-28T03:16:58 IST" name="setUp" finished-at="2024-07-28T03:17:00 IST" duration-ms="1968" status="PASS">
          <reporter-output>
          </reporter-output>
        </test-method> <!-- setUp -->
        <test-method signature="signInWithCorrectCredentialsTest()[pri:0, instance:TestClass.T01_SyncLoginTest@78aab498]" started-at="2024-07-28T03:17:00 IST" name="signInWithCorrectCredentialsTest" finished-at="2024-07-28T03:17:13 IST" duration-ms="12569" status="PASS">
          <reporter-output>
          </reporter-output>
        </test-method> <!-- signInWithCorrectCredentialsTest -->
        <test-method is-config="true" signature="tearDown()[pri:0, instance:TestClass.T01_SyncLoginTest@78aab498]" started-at="2024-07-28T03:17:13 IST" name="tearDown" finished-at="2024-07-28T03:17:13 IST" duration-ms="218" status="PASS">
          <reporter-output>
          </reporter-output>
        </test-method> <!-- tearDown -->
        <test-method is-config="true" signature="setUp()[pri:0, instance:TestClass.T01_SyncLoginTest@78aab498]" started-at="2024-07-28T03:17:13 IST" name="setUp" finished-at="2024-07-28T03:17:14 IST" duration-ms="1051" status="PASS">
          <reporter-output>
          </reporter-output>
        </test-method> <!-- setUp -->
        <test-method signature="signoutFromSyncTest()[pri:3, instance:TestClass.T01_SyncLoginTest@78aab498]" started-at="2024-07-28T03:17:14 IST" name="signoutFromSyncTest" finished-at="2024-07-28T03:17:32 IST" duration-ms="17612" status="PASS">
          <reporter-output>
          </reporter-output>
        </test-method> <!-- signoutFromSyncTest -->
        <test-method is-config="true" signature="tearDown()[pri:0, instance:TestClass.T01_SyncLoginTest@78aab498]" started-at="2024-07-28T03:17:32 IST" name="tearDown" finished-at="2024-07-28T03:17:32 IST" duration-ms="215" status="PASS">
          <reporter-output>
          </reporter-output>
        </test-method> <!-- tearDown -->
      </class> <!-- TestClass.T01_SyncLoginTest -->
    </test> <!-- Surefire test -->
  </suite> <!-- Surefire suite -->
</testng-results>
