<?xml version="1.0" encoding="UTF-8"?>
<testng-results ignored="0" total="4" passed="4" failed="0" skipped="0">
  <reporter-output>
  </reporter-output>
  <suite started-at="2024-07-29T04:58:10 IST" name="Surefire suite" finished-at="2024-07-29T04:59:26 IST" duration-ms="76165">
    <groups>
      <group name="P0">
        <method signature="T01_SyncLoginTest.signInWithCorrectCredentialsTest()[pri:0, instance:TestClass.T01_SyncLoginTest@1a052a00]" name="signInWithCorrectCredentialsTest" class="TestClass.T01_SyncLoginTest"/>
        <method signature="T02_SyncCreateFileTest.validateCreateFileFunctionality()[pri:0, instance:TestClass.T02_SyncCreateFileTest@548a102f]" name="validateCreateFileFunctionality" class="TestClass.T02_SyncCreateFileTest"/>
      </group> <!-- P0 -->
      <group name="FileOps">
        <method signature="T02_SyncCreateFileTest.validateCreateFileFunctionality()[pri:0, instance:TestClass.T02_SyncCreateFileTest@548a102f]" name="validateCreateFileFunctionality" class="TestClass.T02_SyncCreateFileTest"/>
        <method signature="T02_SyncCreateFileTest.validateDeleteFileFunctionality()[pri:1, instance:TestClass.T02_SyncCreateFileTest@548a102f]" name="validateDeleteFileFunctionality" class="TestClass.T02_SyncCreateFileTest"/>
      </group> <!-- FileOps -->
      <group name="Login">
        <method signature="T01_SyncLoginTest.signInWithCorrectCredentialsTest()[pri:0, instance:TestClass.T01_SyncLoginTest@1a052a00]" name="signInWithCorrectCredentialsTest" class="TestClass.T01_SyncLoginTest"/>
        <method signature="T01_SyncLoginTest.signoutFromSyncTest()[pri:3, instance:TestClass.T01_SyncLoginTest@1a052a00]" name="signoutFromSyncTest" class="TestClass.T01_SyncLoginTest"/>
      </group> <!-- Login -->
    </groups>
    <test started-at="2024-07-29T04:58:10 IST" name="Surefire test" finished-at="2024-07-29T04:59:26 IST" duration-ms="76165">
      <class name="TestClass.T02_SyncCreateFileTest">
        <test-method is-config="true" signature="setUp()[pri:0, instance:TestClass.T02_SyncCreateFileTest@548a102f]" started-at="2024-07-29T04:58:45 IST" name="setUp" finished-at="2024-07-29T04:58:46 IST" duration-ms="900" status="PASS">
          <reporter-output>
          </reporter-output>
        </test-method> <!-- setUp -->
        <test-method signature="validateCreateFileFunctionality()[pri:0, instance:TestClass.T02_SyncCreateFileTest@548a102f]" started-at="2024-07-29T04:58:46 IST" name="validateCreateFileFunctionality" finished-at="2024-07-29T04:59:05 IST" duration-ms="19006" status="PASS">
          <reporter-output>
          </reporter-output>
        </test-method> <!-- validateCreateFileFunctionality -->
        <test-method is-config="true" signature="tearDown()[pri:0, instance:TestClass.T02_SyncCreateFileTest@548a102f]" started-at="2024-07-29T04:59:05 IST" name="tearDown" finished-at="2024-07-29T04:59:05 IST" duration-ms="185" status="PASS">
          <reporter-output>
          </reporter-output>
        </test-method> <!-- tearDown -->
        <test-method is-config="true" signature="setUp()[pri:0, instance:TestClass.T02_SyncCreateFileTest@548a102f]" started-at="2024-07-29T04:59:05 IST" name="setUp" finished-at="2024-07-29T04:59:06 IST" duration-ms="861" status="PASS">
          <reporter-output>
          </reporter-output>
        </test-method> <!-- setUp -->
        <test-method signature="validateDeleteFileFunctionality()[pri:1, instance:TestClass.T02_SyncCreateFileTest@548a102f]" started-at="2024-07-29T04:59:06 IST" name="validateDeleteFileFunctionality" finished-at="2024-07-29T04:59:26 IST" duration-ms="20467" status="PASS">
          <reporter-output>
          </reporter-output>
        </test-method> <!-- validateDeleteFileFunctionality -->
        <test-method is-config="true" signature="tearDown()[pri:0, instance:TestClass.T02_SyncCreateFileTest@548a102f]" started-at="2024-07-29T04:59:26 IST" name="tearDown" finished-at="2024-07-29T04:59:26 IST" duration-ms="157" status="PASS">
          <reporter-output>
          </reporter-output>
        </test-method> <!-- tearDown -->
      </class> <!-- TestClass.T02_SyncCreateFileTest -->
      <class name="TestClass.T01_SyncLoginTest">
        <test-method is-config="true" signature="setUp()[pri:0, instance:TestClass.T01_SyncLoginTest@1a052a00]" started-at="2024-07-29T04:58:10 IST" name="setUp" finished-at="2024-07-29T04:58:12 IST" duration-ms="2188" status="PASS">
          <reporter-output>
          </reporter-output>
        </test-method> <!-- setUp -->
        <test-method signature="signInWithCorrectCredentialsTest()[pri:0, instance:TestClass.T01_SyncLoginTest@1a052a00]" started-at="2024-07-29T04:58:12 IST" name="signInWithCorrectCredentialsTest" finished-at="2024-07-29T04:58:27 IST" duration-ms="14292" status="PASS">
          <reporter-output>
          </reporter-output>
        </test-method> <!-- signInWithCorrectCredentialsTest -->
        <test-method is-config="true" signature="tearDown()[pri:0, instance:TestClass.T01_SyncLoginTest@1a052a00]" started-at="2024-07-29T04:58:27 IST" name="tearDown" finished-at="2024-07-29T04:58:27 IST" duration-ms="172" status="PASS">
          <reporter-output>
          </reporter-output>
        </test-method> <!-- tearDown -->
        <test-method is-config="true" signature="setUp()[pri:0, instance:TestClass.T01_SyncLoginTest@1a052a00]" started-at="2024-07-29T04:58:27 IST" name="setUp" finished-at="2024-07-29T04:58:28 IST" duration-ms="1040" status="PASS">
          <reporter-output>
          </reporter-output>
        </test-method> <!-- setUp -->
        <test-method signature="signoutFromSyncTest()[pri:3, instance:TestClass.T01_SyncLoginTest@1a052a00]" started-at="2024-07-29T04:58:28 IST" name="signoutFromSyncTest" finished-at="2024-07-29T04:58:44 IST" duration-ms="16684" status="PASS">
          <reporter-output>
          </reporter-output>
        </test-method> <!-- signoutFromSyncTest -->
        <test-method is-config="true" signature="tearDown()[pri:0, instance:TestClass.T01_SyncLoginTest@1a052a00]" started-at="2024-07-29T04:58:44 IST" name="tearDown" finished-at="2024-07-29T04:58:45 IST" duration-ms="156" status="PASS">
          <reporter-output>
          </reporter-output>
        </test-method> <!-- tearDown -->
      </class> <!-- TestClass.T01_SyncLoginTest -->
    </test> <!-- Surefire test -->
  </suite> <!-- Surefire suite -->
</testng-results>
