<?xml version="1.0" encoding="UTF-8"?>
<testsuite xmlns:xsi="http://www.w3.org/2001/XMLSchema-instance" xsi:schemaLocation="https://maven.apache.org/surefire/maven-surefire-plugin/xsd/surefire-test-report.xsd" name="TestSuite" time="76.727" tests="4" errors="0" skipped="0" failures="0">
  <properties>
[...]
</properties>
  <testcase name="signInWithCorrectCredentialsTest" classname="TestClass.T01_SyncLoginTest" time="14.291"/>
  <testcase name="signoutFromSyncTest" classname="TestClass.T01_SyncLoginTest" time="16.686"/>
  <testcase name="validateCreateFileFunctionality" classname="TestClass.T02_SyncCreateFileTest" time="19.005"/>
  <testcase name="validateDeleteFileFunctionality" classname="TestClass.T02_SyncCreateFileTest" time="20.467"/>
</testsuite>