<?xml version="1.0" encoding="UTF-8"?>
<testng-results ignored="0" total="4" passed="4" failed="0" skipped="0">
  <reporter-output>
  </reporter-output>
  <suite started-at="2024-07-28T18:25:09 IST" name="Login Tests" finished-at="2024-07-28T18:26:29 IST" duration-ms="80454">
    <groups>
      <group name="P0">
        <method signature="T01_SyncLoginTest.signInWithCorrectCredentialsTest()[pri:0, instance:TestClass.T01_SyncLoginTest@477b4cdf]" name="signInWithCorrectCredentialsTest" class="TestClass.T01_SyncLoginTest"/>
        <method signature="T02_SyncCreateFileTest.validateCreateFileFunctionality()[pri:0, instance:TestClass.T02_SyncCreateFileTest@7770f470]" name="validateCreateFileFunctionality" class="TestClass.T02_SyncCreateFileTest"/>
        <method signature="T02_SyncCreateFileTest.validateDeleteFileFunctionality()[pri:1, instance:TestClass.T02_SyncCreateFileTest@7770f470]" name="validateDeleteFileFunctionality" class="TestClass.T02_SyncCreateFileTest"/>
        <method signature="T01_SyncLoginTest.signoutFromSyncTest()[pri:3, instance:TestClass.T01_SyncLoginTest@477b4cdf]" name="signoutFromSyncTest" class="TestClass.T01_SyncLoginTest"/>
      </group> <!-- P0 -->
      <group name="FileOps">
        <method signature="T02_SyncCreateFileTest.validateCreateFileFunctionality()[pri:0, instance:TestClass.T02_SyncCreateFileTest@7770f470]" name="validateCreateFileFunctionality" class="TestClass.T02_SyncCreateFileTest"/>
        <method signature="T02_SyncCreateFileTest.validateDeleteFileFunctionality()[pri:1, instance:TestClass.T02_SyncCreateFileTest@7770f470]" name="validateDeleteFileFunctionality" class="TestClass.T02_SyncCreateFileTest"/>
      </group> <!-- FileOps -->
      <group name="Login">
        <method signature="T01_SyncLoginTest.signInWithCorrectCredentialsTest()[pri:0, instance:TestClass.T01_SyncLoginTest@477b4cdf]" name="signInWithCorrectCredentialsTest" class="TestClass.T01_SyncLoginTest"/>
        <method signature="T01_SyncLoginTest.signoutFromSyncTest()[pri:3, instance:TestClass.T01_SyncLoginTest@477b4cdf]" name="signoutFromSyncTest" class="TestClass.T01_SyncLoginTest"/>
      </group> <!-- Login -->
    </groups>
    <test started-at="2024-07-28T18:25:09 IST" name="Login feature Test" finished-at="2024-07-28T18:26:29 IST" duration-ms="80454">
      <class name="TestClass.T02_SyncCreateFileTest">
        <test-method is-config="true" signature="setUp()[pri:0, instance:TestClass.T02_SyncCreateFileTest@7770f470]" started-at="2024-07-28T18:25:43 IST" name="setUp" finished-at="2024-07-28T18:25:44 IST" duration-ms="955" status="PASS">
          <reporter-output>
          </reporter-output>
        </test-method> <!-- setUp -->
        <test-method signature="validateCreateFileFunctionality()[pri:0, instance:TestClass.T02_SyncCreateFileTest@7770f470]" started-at="2024-07-28T18:25:44 IST" name="validateCreateFileFunctionality" finished-at="2024-07-28T18:26:07 IST" duration-ms="23109" status="PASS">
          <reporter-output>
          </reporter-output>
        </test-method> <!-- validateCreateFileFunctionality -->
        <test-method is-config="true" signature="tearDown()[pri:0, instance:TestClass.T02_SyncCreateFileTest@7770f470]" started-at="2024-07-28T18:26:07 IST" name="tearDown" finished-at="2024-07-28T18:26:07 IST" duration-ms="178" status="PASS">
          <reporter-output>
          </reporter-output>
        </test-method> <!-- tearDown -->
        <test-method is-config="true" signature="setUp()[pri:0, instance:TestClass.T02_SyncCreateFileTest@7770f470]" started-at="2024-07-28T18:26:07 IST" name="setUp" finished-at="2024-07-28T18:26:08 IST" duration-ms="1016" status="PASS">
          <reporter-output>
          </reporter-output>
        </test-method> <!-- setUp -->
        <test-method signature="validateDeleteFileFunctionality()[pri:1, instance:TestClass.T02_SyncCreateFileTest@7770f470]" started-at="2024-07-28T18:26:08 IST" name="validateDeleteFileFunctionality" finished-at="2024-07-28T18:26:29 IST" duration-ms="20784" status="PASS">
          <reporter-output>
          </reporter-output>
        </test-method> <!-- validateDeleteFileFunctionality -->
        <test-method is-config="true" signature="tearDown()[pri:0, instance:TestClass.T02_SyncCreateFileTest@7770f470]" started-at="2024-07-28T18:26:29 IST" name="tearDown" finished-at="2024-07-28T18:26:29 IST" duration-ms="173" status="PASS">
          <reporter-output>
          </reporter-output>
        </test-method> <!-- tearDown -->
      </class> <!-- TestClass.T02_SyncCreateFileTest -->
      <class name="TestClass.T01_SyncLoginTest">
        <test-method is-config="true" signature="setUp()[pri:0, instance:TestClass.T01_SyncLoginTest@477b4cdf]" started-at="2024-07-28T18:25:09 IST" name="setUp" finished-at="2024-07-28T18:25:11 IST" duration-ms="1921" status="PASS">
          <reporter-output>
          </reporter-output>
        </test-method> <!-- setUp -->
        <test-method signature="signInWithCorrectCredentialsTest()[pri:0, instance:TestClass.T01_SyncLoginTest@477b4cdf]" started-at="2024-07-28T18:25:11 IST" name="signInWithCorrectCredentialsTest" finished-at="2024-07-28T18:25:24 IST" duration-ms="12960" status="PASS">
          <reporter-output>
          </reporter-output>
        </test-method> <!-- signInWithCorrectCredentialsTest -->
        <test-method is-config="true" signature="tearDown()[pri:0, instance:TestClass.T01_SyncLoginTest@477b4cdf]" started-at="2024-07-28T18:25:24 IST" name="tearDown" finished-at="2024-07-28T18:25:24 IST" duration-ms="173" status="PASS">
          <reporter-output>
          </reporter-output>
        </test-method> <!-- tearDown -->
        <test-method is-config="true" signature="setUp()[pri:0, instance:TestClass.T01_SyncLoginTest@477b4cdf]" started-at="2024-07-28T18:25:24 IST" name="setUp" finished-at="2024-07-28T18:25:25 IST" duration-ms="892" status="PASS">
          <reporter-output>
          </reporter-output>
        </test-method> <!-- setUp -->
        <test-method signature="signoutFromSyncTest()[pri:3, instance:TestClass.T01_SyncLoginTest@477b4cdf]" started-at="2024-07-28T18:25:25 IST" name="signoutFromSyncTest" finished-at="2024-07-28T18:25:43 IST" duration-ms="18050" status="PASS">
          <reporter-output>
          </reporter-output>
        </test-method> <!-- signoutFromSyncTest -->
        <test-method is-config="true" signature="tearDown()[pri:0, instance:TestClass.T01_SyncLoginTest@477b4cdf]" started-at="2024-07-28T18:25:43 IST" name="tearDown" finished-at="2024-07-28T18:25:43 IST" duration-ms="158" status="PASS">
          <reporter-output>
          </reporter-output>
        </test-method> <!-- tearDown -->
      </class> <!-- TestClass.T01_SyncLoginTest -->
    </test> <!-- Login feature Test -->
  </suite> <!-- Login Tests -->
</testng-results>
