<?xml version="1.0" encoding="UTF-8"?>
<testng-results ignored="0" total="4" passed="4" failed="0" skipped="0">
  <reporter-output>
  </reporter-output>
  <suite started-at="2024-07-28T18:17:10 IST" name="File Ops" finished-at="2024-07-28T18:18:33 IST" duration-ms="82357">
    <groups>
      <group name="P0">
        <method signature="T01_SyncLoginTest.signInWithCorrectCredentialsTest()[pri:0, instance:TestClass.T01_SyncLoginTest@477b4cdf]" name="signInWithCorrectCredentialsTest" class="TestClass.T01_SyncLoginTest"/>
        <method signature="T02_SyncCreateFileTest.validateCreateFileFunctionality()[pri:0, instance:TestClass.T02_SyncCreateFileTest@7770f470]" name="validateCreateFileFunctionality" class="TestClass.T02_SyncCreateFileTest"/>
        <method signature="T02_SyncCreateFileTest.validateDeleteFileFunctionality()[pri:1, instance:TestClass.T02_SyncCreateFileTest@7770f470]" name="validateDeleteFileFunctionality" class="TestClass.T02_SyncCreateFileTest"/>
        <method signature="T01_SyncLoginTest.signoutFromSyncTest()[pri:3, instance:TestClass.T01_SyncLoginTest@477b4cdf]" name="signoutFromSyncTest" class="TestClass.T01_SyncLoginTest"/>
      </group> <!-- P0 -->
      <group name="FileOps">
        <method signature="T02_SyncCreateFileTest.validateCreateFileFunctionality()[pri:0, instance:TestClass.T02_SyncCreateFileTest@7770f470]" name="validateCreateFileFunctionality" class="TestClass.T02_SyncCreateFileTest"/>
        <method signature="T02_SyncCreateFileTest.validateDeleteFileFunctionality()[pri:1, instance:TestClass.T02_SyncCreateFileTest@7770f470]" name="validateDeleteFileFunctionality" class="TestClass.T02_SyncCreateFileTest"/>
      </group> <!-- FileOps -->
      <group name="Login">
        <method signature="T01_SyncLoginTest.signInWithCorrectCredentialsTest()[pri:0, instance:TestClass.T01_SyncLoginTest@477b4cdf]" name="signInWithCorrectCredentialsTest" class="TestClass.T01_SyncLoginTest"/>
        <method signature="T01_SyncLoginTest.signoutFromSyncTest()[pri:3, instance:TestClass.T01_SyncLoginTest@477b4cdf]" name="signoutFromSyncTest" class="TestClass.T01_SyncLoginTest"/>
      </group> <!-- Login -->
    </groups>
    <test started-at="2024-07-28T18:17:10 IST" name="File Operations Test" finished-at="2024-07-28T18:18:33 IST" duration-ms="82357">
      <class name="TestClass.T02_SyncCreateFileTest">
        <test-method is-config="true" signature="setUp()[pri:0, instance:TestClass.T02_SyncCreateFileTest@7770f470]" started-at="2024-07-28T18:17:47 IST" name="setUp" finished-at="2024-07-28T18:17:48 IST" duration-ms="940" status="PASS">
          <reporter-output>
          </reporter-output>
        </test-method> <!-- setUp -->
        <test-method signature="validateCreateFileFunctionality()[pri:0, instance:TestClass.T02_SyncCreateFileTest@7770f470]" started-at="2024-07-28T18:17:48 IST" name="validateCreateFileFunctionality" finished-at="2024-07-28T18:18:10 IST" duration-ms="22171" status="PASS">
          <reporter-output>
          </reporter-output>
        </test-method> <!-- validateCreateFileFunctionality -->
        <test-method is-config="true" signature="tearDown()[pri:0, instance:TestClass.T02_SyncCreateFileTest@7770f470]" started-at="2024-07-28T18:18:10 IST" name="tearDown" finished-at="2024-07-28T18:18:11 IST" duration-ms="169" status="PASS">
          <reporter-output>
          </reporter-output>
        </test-method> <!-- tearDown -->
        <test-method is-config="true" signature="setUp()[pri:0, instance:TestClass.T02_SyncCreateFileTest@7770f470]" started-at="2024-07-28T18:18:11 IST" name="setUp" finished-at="2024-07-28T18:18:11 IST" duration-ms="861" status="PASS">
          <reporter-output>
          </reporter-output>
        </test-method> <!-- setUp -->
        <test-method signature="validateDeleteFileFunctionality()[pri:1, instance:TestClass.T02_SyncCreateFileTest@7770f470]" started-at="2024-07-28T18:18:11 IST" name="validateDeleteFileFunctionality" finished-at="2024-07-28T18:18:32 IST" duration-ms="21003" status="PASS">
          <reporter-output>
          </reporter-output>
        </test-method> <!-- validateDeleteFileFunctionality -->
        <test-method is-config="true" signature="tearDown()[pri:0, instance:TestClass.T02_SyncCreateFileTest@7770f470]" started-at="2024-07-28T18:18:32 IST" name="tearDown" finished-at="2024-07-28T18:18:33 IST" duration-ms="186" status="PASS">
          <reporter-output>
          </reporter-output>
        </test-method> <!-- tearDown -->
      </class> <!-- TestClass.T02_SyncCreateFileTest -->
      <class name="TestClass.T01_SyncLoginTest">
        <test-method is-config="true" signature="setUp()[pri:0, instance:TestClass.T01_SyncLoginTest@477b4cdf]" started-at="2024-07-28T18:17:10 IST" name="setUp" finished-at="2024-07-28T18:17:14 IST" duration-ms="3310" status="PASS">
          <reporter-output>
          </reporter-output>
        </test-method> <!-- setUp -->
        <test-method signature="signInWithCorrectCredentialsTest()[pri:0, instance:TestClass.T01_SyncLoginTest@477b4cdf]" started-at="2024-07-28T18:17:14 IST" name="signInWithCorrectCredentialsTest" finished-at="2024-07-28T18:17:27 IST" duration-ms="13290" status="PASS">
          <reporter-output>
          </reporter-output>
        </test-method> <!-- signInWithCorrectCredentialsTest -->
        <test-method is-config="true" signature="tearDown()[pri:0, instance:TestClass.T01_SyncLoginTest@477b4cdf]" started-at="2024-07-28T18:17:27 IST" name="tearDown" finished-at="2024-07-28T18:17:27 IST" duration-ms="217" status="PASS">
          <reporter-output>
          </reporter-output>
        </test-method> <!-- tearDown -->
        <test-method is-config="true" signature="setUp()[pri:0, instance:TestClass.T01_SyncLoginTest@477b4cdf]" started-at="2024-07-28T18:17:27 IST" name="setUp" finished-at="2024-07-28T18:17:28 IST" duration-ms="998" status="PASS">
          <reporter-output>
          </reporter-output>
        </test-method> <!-- setUp -->
        <test-method signature="signoutFromSyncTest()[pri:3, instance:TestClass.T01_SyncLoginTest@477b4cdf]" started-at="2024-07-28T18:17:28 IST" name="signoutFromSyncTest" finished-at="2024-07-28T18:17:47 IST" duration-ms="18947" status="PASS">
          <reporter-output>
          </reporter-output>
        </test-method> <!-- signoutFromSyncTest -->
        <test-method is-config="true" signature="tearDown()[pri:0, instance:TestClass.T01_SyncLoginTest@477b4cdf]" started-at="2024-07-28T18:17:47 IST" name="tearDown" finished-at="2024-07-28T18:17:47 IST" duration-ms="171" status="PASS">
          <reporter-output>
          </reporter-output>
        </test-method> <!-- tearDown -->
      </class> <!-- TestClass.T01_SyncLoginTest -->
    </test> <!-- File Operations Test -->
  </suite> <!-- File Ops -->
</testng-results>
